<?xml version="1.0" encoding="UTF-8"?>
<!-- Generated by org.testng.reporters.JUnitReportReporter -->
<testsuite hostname="MyPC" failures="0" tests="9" name="Testpackage.ProductBuyFlow" time="12.723" errors="1" timestamp="2022-12-05T00:57:11 IST" skipped="8">
  <testcase classname="Testpackage.ProductBuyFlow" name="setUp" time="12.723">
    <error message="no such element: Unable to locate element: {&quot;method&quot;:&quot;xpath&quot;,&quot;selector&quot;:&quot;//*[@id=&quot;NewsletterPopup-newsletter-popup&quot;]/div/div/button&quot;}
  (Session info: MicrosoftEdge=107.0.1418.62)
For documentation on this error, please visit: https://selenium.dev/exceptions/#no_such_element
Build info: version: &#039;4.3.0&#039;, revision: &#039;a4995e2c09*&#039;
System info: host: &#039;MYPC&#039;, ip: &#039;192.168.122.105&#039;, os.name: &#039;Windows 11&#039;, os.arch: &#039;amd64&#039;, os.version: &#039;10.0&#039;, java.version: &#039;17.0.4.1&#039;
Driver info: org.openqa.selenium.edge.EdgeDriver
Command: [e99f002507135b801ebc68ceeab7f431, findElement {using=xpath, value=//*[@id=&quot;NewsletterPopup-newsletter-popup&quot;]/div/div/button}]
Capabilities {acceptInsecureCerts: false, browserName: msedge, browserVersion: 107.0.1418.62, ms:edgeOptions: {debuggerAddress: localhost:51566}, msedge: {msedgedriverVersion: 107.0.1418.42 (5ed2a3ace08d..., userDataDir: C:\Users\yuvra\AppData\Loca...}, networkConnectionEnabled: false, pageLoadStrategy: normal, platformName: WINDOWS, proxy: Proxy(), se:cdp: ws://localhost:51566/devtoo..., se:cdpVersion: 107.0.1418.62, setWindowRect: true, strictFileInteractability: false, timeouts: {implicit: 0, pageLoad: 300000, script: 30000}, unhandledPromptBehavior: dismiss and notify, webauthn:extension:credBlob: true, webauthn:extension:largeBlob: true, webauthn:virtualAuthenticators: true}
Session ID: e99f002507135b801ebc68ceeab7f431" type="org.openqa.selenium.NoSuchElementException">
      <![CDATA[org.openqa.selenium.NoSuchElementException: no such element: Unable to locate element: {"method":"xpath","selector":"//*[@id="NewsletterPopup-newsletter-popup"]/div/div/button"}
  (Session info: MicrosoftEdge=107.0.1418.62)
For documentation on this error, please visit: https://selenium.dev/exceptions/#no_such_element
Build info: version: '4.3.0', revision: 'a4995e2c09*'
System info: host: 'MYPC', ip: '192.168.122.105', os.name: 'Windows 11', os.arch: 'amd64', os.version: '10.0', java.version: '17.0.4.1'
Driver info: org.openqa.selenium.edge.EdgeDriver
Command: [e99f002507135b801ebc68ceeab7f431, findElement {using=xpath, value=//*[@id="NewsletterPopup-newsletter-popup"]/div/div/button}]
Capabilities {acceptInsecureCerts: false, browserName: msedge, browserVersion: 107.0.1418.62, ms:edgeOptions: {debuggerAddress: localhost:51566}, msedge: {msedgedriverVersion: 107.0.1418.42 (5ed2a3ace08d..., userDataDir: C:\Users\yuvra\AppData\Loca...}, networkConnectionEnabled: false, pageLoadStrategy: normal, platformName: WINDOWS, proxy: Proxy(), se:cdp: ws://localhost:51566/devtoo..., se:cdpVersion: 107.0.1418.62, setWindowRect: true, strictFileInteractability: false, timeouts: {implicit: 0, pageLoad: 300000, script: 30000}, unhandledPromptBehavior: dismiss and notify, webauthn:extension:credBlob: true, webauthn:extension:largeBlob: true, webauthn:virtualAuthenticators: true}
Session ID: e99f002507135b801ebc68ceeab7f431
at java.base/jdk.internal.reflect.NativeConstructorAccessorImpl.newInstance0(Native Method)
at java.base/jdk.internal.reflect.NativeConstructorAccessorImpl.newInstance(NativeConstructorAccessorImpl.java:77)
at java.base/jdk.internal.reflect.DelegatingConstructorAccessorImpl.newInstance(DelegatingConstructorAccessorImpl.java:45)
at java.base/java.lang.reflect.Constructor.newInstanceWithCaller(Constructor.java:499)
at java.base/java.lang.reflect.Constructor.newInstance(Constructor.java:480)
at org.openqa.selenium.remote.codec.w3c.W3CHttpResponseCodec.createException(W3CHttpResponseCodec.java:200)
at org.openqa.selenium.remote.codec.w3c.W3CHttpResponseCodec.decode(W3CHttpResponseCodec.java:133)
at org.openqa.selenium.remote.codec.w3c.W3CHttpResponseCodec.decode(W3CHttpResponseCodec.java:53)
at org.openqa.selenium.remote.HttpCommandExecutor.execute(HttpCommandExecutor.java:184)
at org.openqa.selenium.remote.service.DriverCommandExecutor.invokeExecute(DriverCommandExecutor.java:167)
at org.openqa.selenium.remote.service.DriverCommandExecutor.execute(DriverCommandExecutor.java:142)
at org.openqa.selenium.remote.RemoteWebDriver.execute(RemoteWebDriver.java:569)
at org.openqa.selenium.remote.ElementLocation$ElementFinder$2.findElement(ElementLocation.java:162)
at org.openqa.selenium.remote.ElementLocation.findElement(ElementLocation.java:60)
at org.openqa.selenium.remote.RemoteWebDriver.findElement(RemoteWebDriver.java:387)
at org.openqa.selenium.remote.RemoteWebDriver.findElement(RemoteWebDriver.java:379)
at Testpackage.ProductBuyFlow.setUp(ProductBuyFlow.java:32)
at java.base/jdk.internal.reflect.NativeMethodAccessorImpl.invoke0(Native Method)
at java.base/jdk.internal.reflect.NativeMethodAccessorImpl.invoke(NativeMethodAccessorImpl.java:77)
at java.base/jdk.internal.reflect.DelegatingMethodAccessorImpl.invoke(DelegatingMethodAccessorImpl.java:43)
at java.base/java.lang.reflect.Method.invoke(Method.java:568)
at org.testng.internal.MethodInvocationHelper.invokeMethod(MethodInvocationHelper.java:133)
at org.testng.internal.MethodInvocationHelper.invokeMethodConsideringTimeout(MethodInvocationHelper.java:62)
at org.testng.internal.ConfigInvoker.invokeConfigurationMethod(ConfigInvoker.java:385)
at org.testng.internal.ConfigInvoker.invokeConfigurations(ConfigInvoker.java:321)
at org.testng.TestRunner.invokeTestConfigurations(TestRunner.java:637)
at org.testng.TestRunner.beforeRun(TestRunner.java:627)
at org.testng.TestRunner.run(TestRunner.java:589)
at org.testng.SuiteRunner.runTest(SuiteRunner.java:377)
at org.testng.SuiteRunner.runSequentially(SuiteRunner.java:371)
at org.testng.SuiteRunner.privateRun(SuiteRunner.java:332)
at org.testng.SuiteRunner.run(SuiteRunner.java:276)
at org.testng.SuiteRunnerWorker.runSuite(SuiteRunnerWorker.java:53)
at org.testng.SuiteRunnerWorker.run(SuiteRunnerWorker.java:96)
at org.testng.TestNG.runSuitesSequentially(TestNG.java:1212)
at org.testng.TestNG.runSuitesLocally(TestNG.java:1134)
at org.testng.TestNG.runSuites(TestNG.java:1063)
at org.testng.TestNG.run(TestNG.java:1031)
at org.testng.remote.AbstractRemoteTestNG.run(AbstractRemoteTestNG.java:115)
at org.testng.remote.RemoteTestNG.initAndRun(RemoteTestNG.java:251)
at org.testng.remote.RemoteTestNG.main(RemoteTestNG.java:77)
]]>
    </error>
  </testcase> <!-- setUp -->
  <system-out/>
  <testcase classname="Testpackage.ProductBuyFlow" name="AddToCart" time="0.000">
    <skipped/>
  </testcase> <!-- AddToCart -->
  <system-out/>
  <testcase classname="Testpackage.ProductBuyFlow" name="ItemIncrease" time="0.000">
    <skipped/>
  </testcase> <!-- ItemIncrease -->
  <system-out/>
  <testcase classname="Testpackage.ProductBuyFlow" name="ItemDecrease" time="0.000">
    <skipped/>
  </testcase> <!-- ItemDecrease -->
  <system-out/>
  <testcase classname="Testpackage.ProductBuyFlow" name="RemoveProduct" time="0.000">
    <skipped/>
  </testcase> <!-- RemoveProduct -->
  <system-out/>
  <testcase classname="Testpackage.ProductBuyFlow" name="CartCheckout" time="0.000">
    <skipped/>
  </testcase> <!-- CartCheckout -->
  <system-out/>
  <testcase classname="Testpackage.ProductBuyFlow" name="ShippingDetails" time="0.000">
    <skipped/>
  </testcase> <!-- ShippingDetails -->
  <system-out/>
  <testcase classname="Testpackage.ProductBuyFlow" name="PaymentMode" time="0.000">
    <skipped/>
  </testcase> <!-- PaymentMode -->
  <system-out/>
  <testcase classname="Testpackage.ProductBuyFlow" name="OrderConfirm" time="0.000">
    <skipped/>
  </testcase> <!-- OrderConfirm -->
  <system-out/>
</testsuite> <!-- Testpackage.ProductBuyFlow -->
